c:\users\angel\desktop\school\game engine dev 2\game3015_a2_shimronkhan\a2\a2\x64\debug\vc142.pdb
c:\users\angel\desktop\school\game engine dev 2\game3015_a2_shimronkhan\a2\a2\x64\debug\vc142.idb
c:\users\angel\desktop\school\game engine dev 2\game3015_a2_shimronkhan\a2\a2\x64\debug\state.obj
c:\users\angel\desktop\school\game engine dev 2\game3015_a2_shimronkhan\a2\a2\x64\debug\input.obj
c:\users\angel\desktop\school\game engine dev 2\game3015_a2_shimronkhan\a2\a2\x64\debug\spritenode.obj
c:\users\angel\desktop\school\game engine dev 2\game3015_a2_shimronkhan\a2\a2\x64\debug\scenenode.obj
c:\users\angel\desktop\school\game engine dev 2\game3015_a2_shimronkhan\a2\a2\x64\debug\player.obj
c:\users\angel\desktop\school\game engine dev 2\game3015_a2_shimronkhan\a2\a2\x64\debug\menustate.obj
c:\users\angel\desktop\school\game engine dev 2\game3015_a2_shimronkhan\a2\a2\x64\debug\main.obj
c:\users\angel\desktop\school\game engine dev 2\game3015_a2_shimronkhan\a2\a2\x64\debug\instructionstate.obj
c:\users\angel\desktop\school\game engine dev 2\game3015_a2_shimronkhan\a2\a2\x64\debug\gamestate.obj
c:\users\angel\desktop\school\game engine dev 2\game3015_a2_shimronkhan\a2\a2\x64\debug\game.obj
c:\users\angel\desktop\school\game engine dev 2\game3015_a2_shimronkhan\a2\a2\x64\debug\frameresource.obj
c:\users\angel\desktop\school\game engine dev 2\game3015_a2_shimronkhan\a2\a2\x64\debug\entity.obj
c:\users\angel\desktop\school\game engine dev 2\game3015_a2_shimronkhan\a2\a2\x64\debug\enemy.obj
c:\users\angel\desktop\school\game engine dev 2\game3015_a2_shimronkhan\a2\a2\x64\debug\mathhelper.obj
c:\users\angel\desktop\school\game engine dev 2\game3015_a2_shimronkhan\a2\a2\x64\debug\geometrygenerator.obj
c:\users\angel\desktop\school\game engine dev 2\game3015_a2_shimronkhan\a2\a2\x64\debug\gametimer.obj
c:\users\angel\desktop\school\game engine dev 2\game3015_a2_shimronkhan\a2\a2\x64\debug\ddstextureloader.obj
c:\users\angel\desktop\school\game engine dev 2\game3015_a2_shimronkhan\a2\a2\x64\debug\d3dutil.obj
c:\users\angel\desktop\school\game engine dev 2\game3015_a2_shimronkhan\a2\a2\x64\debug\d3dapp.obj
c:\users\angel\desktop\school\game engine dev 2\game3015_a2_shimronkhan\a2\a2\x64\debug\camera.obj
c:\users\angel\desktop\school\game engine dev 2\game3015_a2_shimronkhan\a2\a2\x64\debug\world.obj
c:\users\angel\desktop\school\game engine dev 2\game3015_a2_shimronkhan\a2\a2\x64\debug\titlestate.obj
c:\users\angel\desktop\school\game engine dev 2\game3015_a2_shimronkhan\a2\x64\debug\a2.exe
c:\users\angel\desktop\school\game engine dev 2\game3015_a2_shimronkhan\a2\x64\debug\a2.ilk
c:\users\angel\desktop\school\game engine dev 2\game3015_a2_shimronkhan\a2\x64\debug\a2.pdb
c:\users\angel\desktop\school\game engine dev 2\game3015_a2_shimronkhan\a2\a2\x64\debug\world.obj.enc
c:\users\angel\desktop\school\game engine dev 2\game3015_a2_shimronkhan\a2\a2\x64\debug\a2.tlog\cl.command.1.tlog
c:\users\angel\desktop\school\game engine dev 2\game3015_a2_shimronkhan\a2\a2\x64\debug\a2.tlog\cl.read.1.tlog
c:\users\angel\desktop\school\game engine dev 2\game3015_a2_shimronkhan\a2\a2\x64\debug\a2.tlog\cl.write.1.tlog
c:\users\angel\desktop\school\game engine dev 2\game3015_a2_shimronkhan\a2\a2\x64\debug\a2.tlog\link.command.1.tlog
c:\users\angel\desktop\school\game engine dev 2\game3015_a2_shimronkhan\a2\a2\x64\debug\a2.tlog\link.read.1.tlog
c:\users\angel\desktop\school\game engine dev 2\game3015_a2_shimronkhan\a2\a2\x64\debug\a2.tlog\link.write.1.tlog
